[Licensing::Module] Trying to connect to existing licensing client channel...
Built from '6000.2/staging' branch; Version is '6000.2.5f1 (43d04cd1df69) revision 4444236'; Using compiler version '194234433'; Build Type 'Release'
[Licensing::IpcConnector] Channel LicenseClient-kokok doesn't exist
OS: 'Windows 11  (10.0.26100) 64bit Core' Language: 'en' Physical Memory: 16107 MB
[Licensing::IpcConnector] Successfully connected to: "LicenseClient-kokok-6000.2.5" at "2025-09-29T15:36:30.2864234Z"
BatchMode: 1, IsHumanControllingUs: 0, StartBugReporterOnCrash: 0, Is64bit: 1
Date: 2025-09-29T15:36:30Z

COMMAND LINE ARGUMENTS:
C:\Program Files\Unity\Hub\Editor\6000.2.5f1\Editor\Unity.exe
-adb2
-batchMode
-noUpm
-name
AssetImportWorker3
-projectPath
C:/Users/kokok/Downloads/Unity Game/Tutorial Project
-logFile
Logs/AssetImportWorker3.log
-srvPort
63287
-licensingIpc
LicenseClient-kokok
-job-worker-count
5
-background-job-worker-count
8
-gc-helper-count
1
-name
AssetImport
Successfully changed project path to: C:/Users/kokok/Downloads/Unity Game/Tutorial Project
C:/Users/kokok/Downloads/Unity Game/Tutorial Project
[UnityMemory] Configuration Parameters - Can be set up in boot.config
    "memorysetup-allocator-temp-initial-block-size-main=262144"
    "memorysetup-allocator-temp-initial-block-size-worker=262144"
    "memorysetup-bucket-allocator-granularity=16"
    "memorysetup-bucket-allocator-bucket-count=8"
    "memorysetup-bucket-allocator-block-size=33554432"
    "memorysetup-bucket-allocator-block-count=8"
    "memorysetup-main-allocator-block-size=16777216"
    "memorysetup-thread-allocator-block-size=16777216"
    "memorysetup-gfx-main-allocator-block-size=16777216"
    "memorysetup-gfx-thread-allocator-block-size=16777216"
    "memorysetup-cache-allocator-block-size=4194304"
    "memorysetup-typetree-allocator-block-size=2097152"
    "memorysetup-profiler-bucket-allocator-granularity=16"
    "memorysetup-profiler-bucket-allocator-bucket-count=8"
    "memorysetup-profiler-bucket-allocator-block-size=33554432"
    "memorysetup-profiler-bucket-allocator-block-count=8"
    "memorysetup-profiler-allocator-block-size=16777216"
    "memorysetup-profiler-editor-allocator-block-size=1048576"
    "memorysetup-temp-allocator-size-main=16777216"
    "memorysetup-job-temp-allocator-block-size=2097152"
    "memorysetup-job-temp-allocator-block-size-background=1048576"
    "memorysetup-job-temp-allocator-reduction-small-platforms=262144"
    "memorysetup-temp-allocator-size-background-worker=32768"
    "memorysetup-temp-allocator-size-job-worker=262144"
    "memorysetup-temp-allocator-size-preload-manager=33554432"
    "memorysetup-temp-allocator-size-nav-mesh-worker=65536"
    "memorysetup-temp-allocator-size-audio-worker=65536"
    "memorysetup-temp-allocator-size-cloud-worker=32768"
    "memorysetup-temp-allocator-size-gi-baking-worker=262144"
    "memorysetup-temp-allocator-size-gi-baking-worker=262144"
    "memorysetup-temp-allocator-size-gi-baking-worker=262144"
    "memorysetup-temp-allocator-size-gi-baking-worker=262144"
    "memorysetup-temp-allocator-size-gi-baking-worker=262144"
    "memorysetup-temp-allocator-size-gfx=262144"
Player connection [5464]  Target information:

Player connection [5464]  * "[IP] 192.168.2.13 [Port] 0 [Flags] 2 [Guid] 4024087811 [EditorId] 4024087811 [Version] 1048832 [Id] WindowsEditor(7,Abyss-Blue) [Debug] 1 [PackageName] WindowsEditor [ProjectName] Editor" 

Player connection [5464] Host joined multi-casting on [225.0.0.222:54997]...
Player connection [5464] Host joined alternative multi-casting on [225.0.0.222:34997]...
JobSystem: Creating JobQueue using job-worker-count value 5
Input System module state changed to: Initialized.
[Physics::Module] Initialized fallback backend.
[Physics::Module] Id: 0xdecafbad
[Licensing::Client] Code 10 while verifying Licensing Client signature (process Id: 2396, path: "C:/Program Files/Unity/Hub/Editor/6000.2.5f1/Editor/Data/Resources/Licensing/Client/Unity.Licensing.Client.exe")
[Licensing::Module] LicensingClient has failed validation; ignoring
[Licensing::Client] Handshaking with LicensingClient:
  Version:                 1.17.2+ff71f16
  Session Id:              dde11d3500b942e3aa1906a21f75ad4c
  Correlation Id:          64d003f182abf4a61e079234781785e3
  External correlation Id: 4255668783758708274
  Machine Id:              Illo5TnkErW9MO7djhp7M+jgac0=
[Licensing::Module] Successfully connected to LicensingClient on channel: "LicenseClient-kokok-6000.2.5" (connect: 0.00s, validation: 0.00s, handshake: 0.12s)
[Licensing::IpcConnector] Successfully connected to: "LicenseClient-kokok-6000.2.5-notifications" at "2025-09-29T15:36:30.4135053Z"
[Licensing::Module] Licensing Background thread has ended after 0.13s
Library Redirect Path: Library/
[Physics::Module] Selected backend.
[Physics::Module] Name: PhysX
[Physics::Module] Id: 0xf2b8ea05
[Physics::Module] SDK Version: 4.1.2
[Physics::Module] Integration Version: 1.0.0
[Physics::Module] Threading Mode: Multi-Threaded
Refreshing native plugins compatible for Editor in 5.74 ms, found 3 plugins.
Preloading 0 native plugins for Editor in 0.00 ms.
Initialize engine version: 6000.2.5f1 (43d04cd1df69)
[Subsystems] Discovering subsystems at path C:/Program Files/Unity/Hub/Editor/6000.2.5f1/Editor/Data/Resources/UnitySubsystems
[Subsystems] Discovering subsystems at path C:/Users/kokok/Downloads/Unity Game/Tutorial Project/Assets
GfxDevice: creating device client; kGfxThreadingModeNonThreaded
d3d12: failed to query info queue interface (0x80004002).
Direct3D:
    Version:         Direct3D 12 [level 12.1]
    Renderer:        Intel(R) Iris(R) Xe Graphics (ID=0xa7a1)
    Vendor:          Intel
    VRAM:            8053 MB
    App VRAM Budget: 7395 MB
    Driver:          32.0.101.5542
    Unified Memory Architecture
    Cache Coherent UMA
Initialize mono
Mono path[0] = 'C:/Program Files/Unity/Hub/Editor/6000.2.5f1/Editor/Data/Managed'
Mono path[1] = 'C:/Program Files/Unity/Hub/Editor/6000.2.5f1/Editor/Data/MonoBleedingEdge/lib/mono/unityjit-win32'
Mono config path = 'C:/Program Files/Unity/Hub/Editor/6000.2.5f1/Editor/Data/MonoBleedingEdge/etc'
Using monoOptions --debugger-agent=transport=dt_socket,embedding=1,server=y,suspend=n,address=127.0.0.1:56332
Begin MonoManager ReloadAssembly
Registering precompiled unity dll's ...
Register platform support module: C:/Program Files/Unity/Hub/Editor/6000.2.5f1/Editor/Data/PlaybackEngines/WindowsStandaloneSupport/UnityEditor.WindowsStandalone.Extensions.dll
Registered in 0.002287 seconds.
- Loaded All Assemblies, in  0.873 seconds
Native extension for WindowsStandalone target not found
Mono: successfully reloaded assembly
- Finished resetting the current domain, in  0.834 seconds
Domain Reload Profiling: 1704ms
	BeginReloadAssembly (352ms)
		ExecutionOrderSort (0ms)
		DisableScriptedObjects (0ms)
		BackupInstance (0ms)
		ReleaseScriptingObjects (0ms)
		CreateAndSetChildDomain (2ms)
	RebuildCommonClasses (108ms)
	RebuildNativeTypeToScriptingClass (22ms)
	initialDomainReloadingComplete (87ms)
	LoadAllAssembliesAndSetupDomain (300ms)
		LoadAssemblies (346ms)
		RebuildTransferFunctionScriptingTraits (0ms)
		AnalyzeDomain (295ms)
			TypeCache.Refresh (293ms)
				TypeCache.ScanAssembly (271ms)
			BuildScriptInfoCaches (0ms)
			ResolveRequiredComponents (1ms)
	FinalizeReload (834ms)
		ReleaseScriptCaches (0ms)
		RebuildScriptCaches (0ms)
		SetupLoadedEditorAssemblies (743ms)
			LogAssemblyErrors (0ms)
			InitializePlatformSupportModulesInManaged (117ms)
			SetLoadedEditorAssemblies (8ms)
			BeforeProcessingInitializeOnLoad (171ms)
			ProcessInitializeOnLoadAttributes (344ms)
			ProcessInitializeOnLoadMethodAttributes (102ms)
			AfterProcessingInitializeOnLoad (0ms)
			EditorAssembliesLoaded (0ms)
		ExecutionOrderSort2 (0ms)
		AwakeInstancesAfterBackupRestoration (0ms)
========================================================================
Worker process is ready to serve import requests
Import Worker Mode flag is 0x00
Begin MonoManager ReloadAssembly
[Licensing::Client] Successfully resolved entitlement details
[Licensing::Module] License group:
  Id: 5412120-UnityPersXXXX
  Product: Unity Personal
  Type: Assigned
  Expiration: Unlimited
Duplicate assembly 'log4net.dll' with different versions detected, using 'Packages/com.unity.package-validation-suite/Lib/Editor/log4net.dll, AssemblyName=log4net, Version=2.0.8.0, Culture=neutral, PublicKeyToken=669e0ddf0bb1aa2a' and ignoring 'Packages/com.unity.collab-proxy/Lib/Editor/log4netPlastic.dll, AssemblyName=log4net, Version=1.2.15.0, Culture=neutral, PublicKeyToken=669e0ddf0bb1aa2a'.- Loaded All Assemblies, in  1.358 seconds
Refreshing native plugins compatible for Editor in 3.68 ms, found 3 plugins.
Native extension for WindowsStandalone target not found
Package Manager log level set to [2]
[Package Manager] Failed to launch server process. Reason: Unity was launched with the -noUpm command-line argument
[Package Manager] Unable to send message (not connected to server process).
[Package Manager] Cannot connect to Unity Package Manager local server
[MODES] ModeService[none].Initialize
[MODES] ModeService[none].LoadModes
[MODES] Loading mode Default (0) for mode-current-id-My project
Mono: successfully reloaded assembly
- Finished resetting the current domain, in  1.380 seconds
Domain Reload Profiling: 2734ms
	BeginReloadAssembly (313ms)
		ExecutionOrderSort (0ms)
		DisableScriptedObjects (12ms)
		BackupInstance (0ms)
		ReleaseScriptingObjects (0ms)
		CreateAndSetChildDomain (45ms)
	RebuildCommonClasses (56ms)
	RebuildNativeTypeToScriptingClass (22ms)
	initialDomainReloadingComplete (64ms)
	LoadAllAssembliesAndSetupDomain (898ms)
		LoadAssemblies (607ms)
		RebuildTransferFunctionScriptingTraits (0ms)
		AnalyzeDomain (445ms)
			TypeCache.Refresh (314ms)
				TypeCache.ScanAssembly (293ms)
			BuildScriptInfoCaches (102ms)
			ResolveRequiredComponents (21ms)
	FinalizeReload (1380ms)
		ReleaseScriptCaches (0ms)
		RebuildScriptCaches (0ms)
		SetupLoadedEditorAssemblies (1071ms)
			LogAssemblyErrors (0ms)
			InitializePlatformSupportModulesInManaged (2ms)
			SetLoadedEditorAssemblies (5ms)
			BeforeProcessingInitializeOnLoad (234ms)
			ProcessInitializeOnLoadAttributes (648ms)
			ProcessInitializeOnLoadMethodAttributes (176ms)
			AfterProcessingInitializeOnLoad (6ms)
			EditorAssembliesLoaded (0ms)
		ExecutionOrderSort2 (0ms)
		AwakeInstancesAfterBackupRestoration (10ms)
Launched and connected shader compiler UnityShaderCompiler.exe after 0.05 seconds
Refreshing native plugins compatible for Editor in 1.70 ms, found 3 plugins.
Preloading 0 native plugins for Editor in 0.00 ms.
Unloading 16 Unused Serialized files (Serialized files now loaded: 0)
Unloading 6749 unused Assets / (4.8 MB). Loaded Objects now: 7476.
Memory consumption went from 137.0 MB to 132.2 MB.
Total: 12.140800 ms (FindLiveObjects: 0.789000 ms CreateObjectMapping: 0.544500 ms MarkObjects: 7.347800 ms  DeleteObjects: 3.457400 ms)

========================================================================
Received Import Request.
  Time since last request: 354961.302540 seconds.
  path: Assets/BK_AlchemistHouse/Models/Furniture/Chair01.FBX
  artifactKey: Guid(0bfbc1f900c9d3041b0813ff447e67cc) Importer(815301076,1909f56bfc062723c751e8b465ee728b)
Start importing Assets/BK_AlchemistHouse/Models/Furniture/Chair01.FBX using Guid(0bfbc1f900c9d3041b0813ff447e67cc) Importer(815301076,1909f56bfc062723c751e8b465ee728b) (PreviewImporter) -> (artifact id: '02404e97a8042d2eeb720e3bb8e4dcb9') in 1.905401 seconds
Number of updated asset objects reloaded before import = 0Number of asset objects unloaded after import = 9

========================================================================
Received Import Request.
  Time since last request: 0.000061 seconds.
  path: Assets/BK_AlchemistHouse/Models/Furniture/Drawer03.FBX
  artifactKey: Guid(82a3f57cffd71f342bfbca645affd273) Importer(815301076,1909f56bfc062723c751e8b465ee728b)
Start importing Assets/BK_AlchemistHouse/Models/Furniture/Drawer03.FBX using Guid(82a3f57cffd71f342bfbca645affd273) Importer(815301076,1909f56bfc062723c751e8b465ee728b) (PreviewImporter) -> (artifact id: '21a03daa2eeb333655a00825c6ce9e1c') in 0.0826603 seconds
Number of updated asset objects reloaded before import = 0Number of asset objects unloaded after import = 9

========================================================================
Received Import Request.
  Time since last request: 0.000088 seconds.
  path: Assets/BK_AlchemistHouse/Models/Furniture/WoodDrawer01.FBX
  artifactKey: Guid(b48364df078e26145b634ff52ff940bb) Importer(815301076,1909f56bfc062723c751e8b465ee728b)
Start importing Assets/BK_AlchemistHouse/Models/Furniture/WoodDrawer01.FBX using Guid(b48364df078e26145b634ff52ff940bb) Importer(815301076,1909f56bfc062723c751e8b465ee728b) (PreviewImporter) -> (artifact id: '0425e51d8c60ca0264739c9e2273abd3') in 0.0711785 seconds
Number of updated asset objects reloaded before import = 0Number of asset objects unloaded after import = 10

========================================================================
Received Import Request.
  Time since last request: 0.000045 seconds.
  path: Assets/BK_AlchemistHouse/Models/Furniture/TableSink.FBX
  artifactKey: Guid(0947ffe7d00408b47a0055dee1ad55b6) Importer(815301076,1909f56bfc062723c751e8b465ee728b)
Start importing Assets/BK_AlchemistHouse/Models/Furniture/TableSink.FBX using Guid(0947ffe7d00408b47a0055dee1ad55b6) Importer(815301076,1909f56bfc062723c751e8b465ee728b) (PreviewImporter) -> (artifact id: 'f0fd3c9588408c4b1df88ad89e16fca7') in 0.0688538 seconds
Number of updated asset objects reloaded before import = 0Number of asset objects unloaded after import = 9

========================================================================
Received Import Request.
  Time since last request: 0.000050 seconds.
  path: Assets/BK_AlchemistHouse/Models/Furniture/table03.FBX
  artifactKey: Guid(7611197c844888d44acc827a3c5476df) Importer(815301076,1909f56bfc062723c751e8b465ee728b)
Start importing Assets/BK_AlchemistHouse/Models/Furniture/table03.FBX using Guid(7611197c844888d44acc827a3c5476df) Importer(815301076,1909f56bfc062723c751e8b465ee728b) (PreviewImporter) -> (artifact id: 'd90901a3ff066f5bae21d884e0e6bb8a') in 0.0730983 seconds
Number of updated asset objects reloaded before import = 0Number of asset objects unloaded after import = 7

========================================================================
Received Import Request.
  Time since last request: 0.000074 seconds.
  path: Assets/BK_AlchemistHouse/Models/Furniture/WoodTableSink.FBX
  artifactKey: Guid(d3b99b2934677d14ea7f3078a4ceddf8) Importer(815301076,1909f56bfc062723c751e8b465ee728b)
Start importing Assets/BK_AlchemistHouse/Models/Furniture/WoodTableSink.FBX using Guid(d3b99b2934677d14ea7f3078a4ceddf8) Importer(815301076,1909f56bfc062723c751e8b465ee728b) (PreviewImporter) -> (artifact id: '01a505fa4acb98490bdf2c4250e79e17') in 0.2221162 seconds
Number of updated asset objects reloaded before import = 0Number of asset objects unloaded after import = 27

========================================================================
Received Import Request.
  Time since last request: 14.019122 seconds.
  path: Assets/BK_AlchemistHouse/Prefabs/Furniture/Carpet01.prefab
  artifactKey: Guid(d1a160c389b4333409d5b5e51305e444) Importer(815301076,1909f56bfc062723c751e8b465ee728b)
Start importing Assets/BK_AlchemistHouse/Prefabs/Furniture/Carpet01.prefab using Guid(d1a160c389b4333409d5b5e51305e444) Importer(815301076,1909f56bfc062723c751e8b465ee728b) (PreviewImporter) -> (artifact id: '9e73270c645084448d508d8356858db0') in 0.1896329 seconds
Number of updated asset objects reloaded before import = 0Number of asset objects unloaded after import = 11

========================================================================
Received Import Request.
  Time since last request: 0.000062 seconds.
  path: Assets/BK_AlchemistHouse/Prefabs/Furniture/Drawer01.prefab
  artifactKey: Guid(2dd98e0921d33b9409606ac0b30315f7) Importer(815301076,1909f56bfc062723c751e8b465ee728b)
Start importing Assets/BK_AlchemistHouse/Prefabs/Furniture/Drawer01.prefab using Guid(2dd98e0921d33b9409606ac0b30315f7) Importer(815301076,1909f56bfc062723c751e8b465ee728b) (PreviewImporter) -> (artifact id: '93e647f209b421ccd4eb05967cb366ab') in 0.0775234 seconds
Number of updated asset objects reloaded before import = 0Number of asset objects unloaded after import = 13

========================================================================
Received Import Request.
  Time since last request: 0.000071 seconds.
  path: Assets/BK_AlchemistHouse/Prefabs/Furniture/Table01.prefab
  artifactKey: Guid(6e185ea95f7aebc47a745cc8b31b2eeb) Importer(815301076,1909f56bfc062723c751e8b465ee728b)
Start importing Assets/BK_AlchemistHouse/Prefabs/Furniture/Table01.prefab using Guid(6e185ea95f7aebc47a745cc8b31b2eeb) Importer(815301076,1909f56bfc062723c751e8b465ee728b) (PreviewImporter) -> (artifact id: '66244c3da508127a7ef3f0c22c368a98') in 0.0898652 seconds
Number of updated asset objects reloaded before import = 0Number of asset objects unloaded after import = 13

========================================================================
Received Import Request.
  Time since last request: 0.000061 seconds.
  path: Assets/BK_AlchemistHouse/Prefabs/Furniture/WoodTableSquare01b.prefab
  artifactKey: Guid(847d7f5934db1764d99da1216c39e37d) Importer(815301076,1909f56bfc062723c751e8b465ee728b)
Start importing Assets/BK_AlchemistHouse/Prefabs/Furniture/WoodTableSquare01b.prefab using Guid(847d7f5934db1764d99da1216c39e37d) Importer(815301076,1909f56bfc062723c751e8b465ee728b) (PreviewImporter) -> (artifact id: '8d0035f3bc07f78837edae54cc535909') in 0.063806 seconds
Number of updated asset objects reloaded before import = 0Number of asset objects unloaded after import = 14

========================================================================
Received Import Request.
  Time since last request: 0.000063 seconds.
  path: Assets/BK_AlchemistHouse/Prefabs/Furniture/StoveLit.prefab
  artifactKey: Guid(794fd21334395d549bf308abb4dec461) Importer(815301076,1909f56bfc062723c751e8b465ee728b)
Start importing Assets/BK_AlchemistHouse/Prefabs/Furniture/StoveLit.prefab using Guid(794fd21334395d549bf308abb4dec461) Importer(815301076,1909f56bfc062723c751e8b465ee728b) (PreviewImporter) -> (artifact id: 'd21846747de54cb15226ddd2077feb7f') in 0.1286599 seconds
Number of updated asset objects reloaded before import = 0Number of asset objects unloaded after import = 33

========================================================================
Received Import Request.
  Time since last request: 0.000087 seconds.
  path: Assets/BK_AlchemistHouse/Prefabs/Furniture/Workbench.prefab
  artifactKey: Guid(98eeefe81c0767849968a9bfbc0c45ea) Importer(815301076,1909f56bfc062723c751e8b465ee728b)
Start importing Assets/BK_AlchemistHouse/Prefabs/Furniture/Workbench.prefab using Guid(98eeefe81c0767849968a9bfbc0c45ea) Importer(815301076,1909f56bfc062723c751e8b465ee728b) (PreviewImporter) -> (artifact id: '065f555c4e940b1f72074618452cb7de') in 0.1497841 seconds
Number of updated asset objects reloaded before import = 0Number of asset objects unloaded after import = 16

========================================================================
Received Import Request.
  Time since last request: 0.000055 seconds.
  path: Assets/BK_AlchemistHouse/Prefabs/Furniture/Carpet03.prefab
  artifactKey: Guid(a40bfa505ba782a438cc551622e7b4a6) Importer(815301076,1909f56bfc062723c751e8b465ee728b)
Start importing Assets/BK_AlchemistHouse/Prefabs/Furniture/Carpet03.prefab using Guid(a40bfa505ba782a438cc551622e7b4a6) Importer(815301076,1909f56bfc062723c751e8b465ee728b) (PreviewImporter) -> (artifact id: '39422bb8941bb67cc877995ee17289a8') in 0.0732684 seconds
Number of updated asset objects reloaded before import = 0Number of asset objects unloaded after import = 11

========================================================================
Received Import Request.
  Time since last request: 0.000082 seconds.
  path: Assets/BK_AlchemistHouse/Prefabs/Furniture/WoodShelf01.prefab
  artifactKey: Guid(bebfb14ad739a1c48959e3ba26cfb2a3) Importer(815301076,1909f56bfc062723c751e8b465ee728b)
Start importing Assets/BK_AlchemistHouse/Prefabs/Furniture/WoodShelf01.prefab using Guid(bebfb14ad739a1c48959e3ba26cfb2a3) Importer(815301076,1909f56bfc062723c751e8b465ee728b) (PreviewImporter) -> (artifact id: 'dcacd64a001e3c48ecd75f66ca188273') in 0.1026016 seconds
Number of updated asset objects reloaded before import = 0Number of asset objects unloaded after import = 14

========================================================================
Received Import Request.
  Time since last request: 0.000058 seconds.
  path: Assets/BK_AlchemistHouse/Prefabs/Furniture/Chair01.prefab
  artifactKey: Guid(e68a619303cb1e44ea3dde236af3366e) Importer(815301076,1909f56bfc062723c751e8b465ee728b)
Start importing Assets/BK_AlchemistHouse/Prefabs/Furniture/Chair01.prefab using Guid(e68a619303cb1e44ea3dde236af3366e) Importer(815301076,1909f56bfc062723c751e8b465ee728b) (PreviewImporter) -> (artifact id: '7df22cb851e98477f060a0478a4ca6da') in 0.1008826 seconds
Number of updated asset objects reloaded before import = 0Number of asset objects unloaded after import = 18

========================================================================
Received Import Request.
  Time since last request: 0.000104 seconds.
  path: Assets/BK_AlchemistHouse/Prefabs/Furniture/table03.prefab
  artifactKey: Guid(cfba19a91babb4642892417108591af0) Importer(815301076,1909f56bfc062723c751e8b465ee728b)
Start importing Assets/BK_AlchemistHouse/Prefabs/Furniture/table03.prefab using Guid(cfba19a91babb4642892417108591af0) Importer(815301076,1909f56bfc062723c751e8b465ee728b) (PreviewImporter) -> (artifact id: '2a99b5212577408f14317e4574204985') in 0.0914495 seconds
Number of updated asset objects reloaded before import = 0Number of asset objects unloaded after import = 16

========================================================================
Received Import Request.
  Time since last request: 0.000072 seconds.
  path: Assets/BK_AlchemistHouse/Prefabs/Furniture/TableSink.prefab
  artifactKey: Guid(cd3d04d301704534cb4cf5489f62aaa8) Importer(815301076,1909f56bfc062723c751e8b465ee728b)
Start importing Assets/BK_AlchemistHouse/Prefabs/Furniture/TableSink.prefab using Guid(cd3d04d301704534cb4cf5489f62aaa8) Importer(815301076,1909f56bfc062723c751e8b465ee728b) (PreviewImporter) -> (artifact id: '5d740a45c5510f5324009732d03b298f') in 0.0809888 seconds
Number of updated asset objects reloaded before import = 0Number of asset objects unloaded after import = 26

========================================================================
Received Import Request.
  Time since last request: 417.743360 seconds.
  path: Assets/ALP_Assets/country house01/Models/Doors.fbx
  artifactKey: Guid(66e1e8886a45bf44893f8dc3927f6cbb) Importer(815301076,1909f56bfc062723c751e8b465ee728b)
Start importing Assets/ALP_Assets/country house01/Models/Doors.fbx using Guid(66e1e8886a45bf44893f8dc3927f6cbb) Importer(815301076,1909f56bfc062723c751e8b465ee728b) (PreviewImporter) -> (artifact id: '5cbb513cfd3354f2859ecb9cb1e808de') in 0.252181 seconds
Number of updated asset objects reloaded before import = 0Number of asset objects unloaded after import = 32

========================================================================
Received Import Request.
  Time since last request: 21.098332 seconds.
  path: Assets/ALP_Assets/country house01/Models/Materials/Metal01.mat
  artifactKey: Guid(2915c3f5ec83d0e40b2c36e741dfdcc8) Importer(815301076,1909f56bfc062723c751e8b465ee728b)
Start importing Assets/ALP_Assets/country house01/Models/Materials/Metal01.mat using Guid(2915c3f5ec83d0e40b2c36e741dfdcc8) Importer(815301076,1909f56bfc062723c751e8b465ee728b) (PreviewImporter) -> (artifact id: 'bed6ffb62222d29ae4ea6bc0146da671') in 0.1021156 seconds
Number of updated asset objects reloaded before import = 0Number of asset objects unloaded after import = 3

